{"numFailedTestSuites":0,"numFailedTests":0,"numPassedTestSuites":1,"numPassedTests":4,"numPendingTestSuites":0,"numPendingTests":0,"numRuntimeErrorTestSuites":0,"numTodoTests":0,"numTotalTestSuites":1,"numTotalTests":4,"openHandles":[],"snapshot":{"added":0,"didUpdate":false,"failure":false,"filesAdded":0,"filesRemoved":0,"filesRemovedList":[],"filesUnmatched":0,"filesUpdated":0,"matched":0,"total":0,"unchecked":0,"uncheckedKeysByFile":[],"unmatched":0,"updated":0},"startTime":1767111633651,"success":true,"testResults":[{"assertionResults":[{"ancestorTitles":["Button Component"],"duration":75,"failing":false,"failureDetails":[],"failureMessages":[],"fullName":"Button Component renders correctly with default props","invocations":1,"location":null,"numPassingAsserts":2,"retryReasons":[],"startAt":1767111634817,"status":"passed","title":"renders correctly with default props"},{"ancestorTitles":["Button Component"],"duration":7,"failing":false,"failureDetails":[],"failureMessages":[],"fullName":"Button Component renders the danger variant correctly","invocations":1,"location":null,"numPassingAsserts":1,"retryReasons":[],"startAt":1767111634894,"status":"passed","title":"renders the danger variant correctly"},{"ancestorTitles":["Button Component"],"duration":12,"failing":false,"failureDetails":[],"failureMessages":[],"fullName":"Button Component handles onClick events","invocations":1,"location":null,"numPassingAsserts":1,"retryReasons":[],"startAt":1767111634903,"status":"passed","title":"handles onClick events"},{"ancestorTitles":["Button Component"],"duration":7,"failing":false,"failureDetails":[],"failureMessages":[],"fullName":"Button Component shows loading spinner when isLoading is true","invocations":1,"location":null,"numPassingAsserts":1,"retryReasons":[],"startAt":1767111634915,"status":"passed","title":"shows loading spinner when isLoading is true"}],"endTime":1767111634924,"message":"","name":"C:\\Users\\HARSHAVARDHAN\\Desktop\\vision-therapy-web\\components\\ui\\button.test.tsx","startTime":1767111634317,"status":"passed","summary":""}],"wasInterrupted":false}
